<?xml version="1.0" encoding="UTF-8"?>
<!-- Generated by org.testng.reporters.JUnitXMLReporter -->
<testsuite ignored="0" hostname="RISHIKESH" failures="0" tests="4" name="Test" time="99.054" errors="0" timestamp="12 Jun 2022 12:21:40 GMT">
  <testcase classname="com.yahoo.TestCases.ThestFour" name="testFour" time="14.119"/>
  <testcase classname="com.yahoo.TestCases.TestTwo" name="testTwo" time="13.013"/>
  <testcase classname="com.yahoo.TestCases.CreateAccount" name="doCreateAccount" time="13.033"/>
  <testcase classname="com.yahoo.TestCases.TestThree" name="testThree" time="45.36"/>
</testsuite> <!-- Test -->
